Start loading training data ...
king :
 [  2.34444666e+00  -1.61816680e+00  -8.18447948e-01   6.37631297e-01
  -1.40333200e+00  -8.78266931e-01   1.98493695e+00   5.50786182e-02
   9.67674196e-01  -6.40567690e-02  -2.88562216e-02  -6.75678194e-01
   6.55339360e-01   5.33414006e-01  -1.51688206e+00  -4.40137893e-01
  -9.69474733e-01  -3.31225216e-01   5.57189047e-01  -2.51862335e+00
  -1.98638892e+00   1.72938317e-01   1.36683142e+00   1.79045230e-01
   2.82541126e-01  -7.05743611e-01   5.02485752e-01  -1.75666714e+00
  -8.42720345e-02  -5.60681447e-02   1.87587693e-01  -9.47796583e-01
  -8.76829207e-01   1.65934885e+00  -6.53851449e-01  -8.19689751e-01
   1.64826715e+00  -1.66611373e+00   1.65455326e-01   3.81718189e-01
   1.19378817e+00  -1.49594581e+00   8.65378082e-01  -7.75387943e-01
  -1.08413363e+00   9.28593099e-01  -1.66928563e-02   8.91272561e-04
   5.66156149e-01   1.72525120e+00  -9.75375950e-01   1.54139558e-02
   5.52564502e-01   5.05843341e-01  -3.48100573e-01  -2.16621232e+00
   1.01223874e+00  -2.25139618e-01   1.31409121e+00  -1.39866912e+00
   1.06906331e+00  -6.49503946e-01  -1.39716196e+00   5.91810822e-01
   6.39781475e-01  -1.07812500e+00   2.49987221e+00   5.11111796e-01
   1.04563069e+00  -1.52540827e+00   5.18292308e-01   1.45242321e+00
  -2.49957532e-01   1.45315337e+00  -4.73791718e-01  -1.21180284e+00
  -6.85192823e-01   4.64672118e-01  -1.48566559e-01   4.17749703e-01
   9.11471009e-01  -1.28199947e+00  -2.33524874e-01   9.16256309e-01
  -1.08971119e+00  -1.01115689e-01  -8.16100240e-01  -7.91854382e-01
  -2.49828950e-01   3.78987193e-01  -1.93406373e-01  -1.14400303e+00
   2.36160561e-01   1.19477771e-01   1.13238287e+00   6.25206977e-02
   9.54028845e-01   7.05968440e-01  -8.16664219e-01   1.77922201e+00
   8.67674530e-01  -1.91733643e-01   6.05237782e-02   9.88082409e-01
   3.67576718e-01   6.00859821e-01  -1.37067294e+00  -8.70508701e-02
   1.49979591e+00  -2.49097443e+00   1.35576487e+00   4.24434423e-01
  -1.11445355e+00   7.58375466e-01  -1.56516111e+00  -1.54715943e+00
   4.47376698e-01   2.08100677e+00   5.82207561e-01  -5.07055223e-01
  -1.02506936e+00   3.99379700e-01  -3.40898931e-01   1.16703725e+00
   5.16727746e-01  -1.42822576e+00  -4.93347704e-01  -9.67350006e-01
  -4.06638443e-01   2.43441202e-02   4.85476613e-01   5.03494322e-01
   9.52517033e-01   1.34912241e+00  -7.41501629e-01   8.61536026e-01
  -1.69918254e-01   2.36176872e+00   1.07790661e+00  -1.12776172e+00
   6.32930875e-01  -1.29322529e+00   1.07446039e+00  -6.42847776e-01
   4.95825469e-01  -6.57608500e-03   1.64910662e+00   1.03177047e+00
   1.14826703e+00  -1.27289221e-01  -1.41938138e+00  -1.42827618e+00
   8.98385525e-01  -6.66545808e-01  -1.41261148e+00   8.15688372e-01
   6.72849715e-01  -2.49229729e-01   7.35722601e-01  -1.31212580e+00
  -1.02379131e+00   8.91603112e-01   1.53321719e+00   1.03198421e+00
  -1.52758807e-01  -1.37608862e+00  -1.50060189e+00  -3.27585191e-01
   2.00385499e+00   5.74361622e-01   9.93398786e-01  -5.89427829e-01
   7.35975146e-01  -9.78356525e-02   1.12407207e+00  -4.46325094e-01
  -1.16644633e+00   8.29676270e-01  -4.54169005e-01   2.03698564e+00
   9.80065882e-01   1.05245721e+00  -4.44236659e-02  -2.41186953e+00
  -1.04031801e+00  -5.52794993e-01  -5.43724708e-02  -1.32919705e+00
  -1.24287891e+00   1.09263897e+00  -6.41369402e-01   1.46956682e+00
   3.95202823e-02  -1.12474315e-01   4.31254417e-01  -2.65518069e-01
   3.46128583e-01  -8.15845549e-01  -1.93199694e+00   1.50799382e+00
   6.86840015e-03  -1.70286798e+00  -9.78703976e-01   1.76090169e+00
  -1.58017266e+00   2.35473022e-01   1.45641774e-01   3.62455606e-01
   3.16646844e-01  -3.87913473e-02  -7.79940128e-01   4.24590975e-01
  -6.32581353e-01   1.44815040e+00   7.36321807e-01   2.04999566e+00
   2.42552117e-01  -9.02867138e-01  -8.41004372e-01  -1.32998455e+00
  -3.64127934e-01  -1.64170527e+00   9.37471628e-01   2.33708218e-01
   5.80103457e-01  -2.15497112e+00   2.54862607e-02  -5.27893305e-01
  -1.41764998e+00  -9.27339017e-01   1.46561277e+00   1.79993129e+00
   4.86982614e-01  -8.80438566e-01   1.22128952e+00  -7.21259654e-01
  -9.77085054e-01   2.11666059e+00   2.74184644e-01  -7.93780506e-01
  -1.05449772e+00   9.75526035e-01  -4.39882636e-01  -3.02154511e-01
   3.47297043e-02  -4.93442453e-02  -8.48559618e-01  -3.57730776e-01
   5.67297377e-02  -7.09110439e-01   1.68365315e-01   1.38612974e+00
  -4.70189810e-01  -9.21846628e-02  -9.57342535e-02  -2.11646152e+00
  -9.73713756e-01  -1.02300394e+00  -2.27716461e-01   1.30860853e+00
  -4.21258390e-01  -5.36422729e-01   8.35476220e-01   1.07945263e+00
   1.35321236e+00  -5.70885062e-01   4.17494744e-01  -8.98139715e-01
  -1.84131458e-01  -1.92410684e+00   7.31871784e-01   4.17131126e-01
   4.27542746e-01  -2.63387632e+00   8.87950540e-01   1.25046825e+00
   2.33111419e-02   1.11563492e+00   7.00833023e-01  -7.91536510e-01
   1.56346536e+00   1.72581047e-01   2.14698291e+00   2.36592218e-02
   7.67473340e-01   9.42822278e-01   2.61528492e-01  -1.54866123e+00
   2.92864084e-01   3.18349987e-01  -9.55756664e-01   2.35627130e-01
   3.48816626e-03  -1.84658423e-01  -1.16674617e-01  -7.52394080e-01
  -3.53591055e-01   3.40845078e-01  -1.19901514e+00  -2.46852323e-01]
queen :
 [-0.14997543 -1.40837502 -0.46244219 -0.36477122 -0.91673923 -0.4307774
  0.62394035  0.10541944  0.2221404   0.34351388 -0.63553154 -0.98843443
 -0.92232692 -1.5743289  -0.74727732 -1.5059675  -2.2948637   0.40137997
 -1.07841194  0.66113245 -1.94421995  0.70322615 -0.65875828 -0.88495785
  0.35658768 -0.21912824 -0.29350668 -2.54441118  0.25324208  0.23237084
 -1.10944641 -0.26390356  0.50481772  0.53433967  0.06527582  1.07946372
  0.41829571 -1.83725321 -0.36030146 -0.06681666  1.2608552   2.13177633
 -0.52191037  0.35830793 -1.06724679 -0.18843494  0.82459837 -0.99783033
 -0.22116071  0.87199074 -1.37787092  0.4240905   0.78306746 -0.50823283
 -1.07748115  0.03299025 -0.19527282  0.17286451 -0.55853581  0.22296344
 -0.85331273 -0.05353784 -1.06777263 -1.19618547 -0.06816553 -0.09393687
  0.35733131 -0.88408214  0.86051267 -0.27709883 -0.6867395   0.47568801
  0.4960295  -1.39949632 -0.11896724  0.53007722 -0.52511495  1.30621409
 -0.30557135 -1.23921478 -0.90705794 -1.80218732 -0.69532883  1.38082027
 -0.26535761 -1.32301712 -1.21173882 -0.60340822  0.41272944  0.74648523
  0.20844613  0.51436889  1.33405232 -0.05425751  1.58724213  0.7011351
 -1.21008158  0.67987967 -0.05463381  1.29549789 -0.59897673 -0.36773643
 -0.6110515   0.07002949  1.69574773 -2.23008537  1.13854575 -0.52698398
 -1.15830433 -0.09452661 -0.33441314 -0.91092104  0.73345613  0.87522888
 -0.86364496  0.85391319 -1.22201383 -0.40673882  1.57769489 -0.76102108
  0.14538863  0.72334504  0.06166859 -0.72732812 -1.64414239  0.49434504
  1.11721075  0.0395432  -0.60421997 -1.87926126  0.77173185 -0.55674082
  0.46388823 -0.28525394 -0.31354064 -0.97706199 -0.23588313  1.45607626
 -0.36638519  0.13464601 -0.17406444  0.77312797  0.22707587 -0.53926897
  0.34327644 -1.80359221 -0.6505385   0.54780507 -0.11883162  2.04045653
  1.93147397 -0.39339578 -2.02756786  0.3326582   0.95212221 -1.70066214
 -1.46858823 -0.25481957 -0.08673216  1.17664731 -0.3666802  -0.39755738
  1.29759037 -0.3423326  -0.17048785 -1.07841074  0.07088135  0.56672704
 -0.15358947 -0.56755972 -0.56778938 -1.81817019  1.16456282  0.37912202
 -2.52003813 -0.55916846  0.16456547 -1.04739034  1.4880532  -0.80616063
  0.88915294 -0.91439307 -0.84143037  0.03222972  2.91937518  0.17707826
  0.04499542  0.8359499   0.30629975  0.83274782 -3.18261361 -0.15985371
  1.41916466 -0.02449744 -0.61722511 -1.48441184 -0.20290133  0.48640913
 -0.36491749  0.99914688 -0.25288123  0.2476386   0.05088032 -0.32544294
  1.45065427 -0.24165325  1.350945   -1.11197126  1.04622161 -0.09879243
  1.15969968  2.15625048 -1.17831612 -0.52925372  0.35383105  0.20928024
 -1.0195961  -0.47517547 -1.71593988  2.15593934 -0.19123691  0.40608311
 -1.42137718 -0.54439002  1.74251199  0.37079179  1.69115019  1.23234904
  0.62354022 -0.40117416  0.18970624  0.41429135 -0.42804787  0.02824718
  1.70134711 -0.70486915 -1.39425969 -1.93468106 -1.08053446 -1.2736429
 -0.78427184 -0.08096869 -0.84318399  1.25219381 -0.10958426  1.70805812
  1.82726026 -1.74287236 -0.92683446  0.47209242  1.38354886 -0.42306539
  1.14221501  2.41500092  0.95555902 -0.19584259 -0.03893691  0.06990404
  1.8810122   0.0631273   0.35291341 -0.5456543  -1.31444693 -1.29789436
  0.35733384  0.45286691  0.73002046  0.33990312  0.15672109  1.19373262
  0.20783378  1.96506524  0.53964639  0.88984883 -1.28850842 -0.21060483
 -1.81830001 -0.30093437 -0.38155559  0.0389629  -1.31891954 -0.70383984
 -0.19237794  0.34185493 -0.70832849 -1.42279661 -2.32726622 -0.24515884
  1.90954971 -0.72848755  1.31369007 -0.10021096  0.03026612  0.24271622
  0.26914942 -1.91034162 -1.76809633 -1.35597432 -0.61373729 -1.51047182]
man :
 [ -1.37225747e-01  -1.40361941e+00   1.41343296e+00   1.15876567e+00
  -7.88545012e-01   2.72531331e-01   8.79756629e-01  -6.60380900e-01
   3.43937635e-01   2.62599492e+00   1.11304976e-01  -4.26045537e-01
  -7.47622311e-01  -1.34721255e+00  -7.59169281e-01  -4.63573754e-01
   3.35074455e-01  -2.37396264e+00   6.31171346e-01  -1.47244143e+00
  -1.05246890e+00  -1.42050076e+00   1.12717316e-01   2.09318057e-01
   4.06479806e-01  -3.54426205e-01   1.03074968e+00   9.26367752e-03
   3.87561172e-01   2.30480209e-02   5.06674707e-01   6.07065320e-01
   1.14801812e+00   4.46266681e-02  -1.95959751e-02  -1.08182991e+00
  -3.69125247e-01   3.43262553e-01   1.39208019e+00   5.02979048e-02
  -5.51792204e-01   5.16287982e-01   2.03735113e+00   4.92538273e-01
  -1.02809243e-01  -3.33053917e-01   1.22352850e+00  -1.65145561e-01
  -3.13587099e-01  -7.36127019e-01  -6.56935930e-01   8.70416909e-02
   4.50232744e-01   1.88643515e+00   5.76320767e-01   6.38936102e-01
  -8.08397472e-01  -2.63672143e-01  -6.20344281e-01   1.83468759e-01
  -9.94800627e-01  -1.01068461e+00   9.80206877e-02  -1.55474818e+00
  -2.59220648e+00  -3.53282243e-01   1.27168447e-01   4.47669268e-01
  -4.05740321e-01  -1.20513558e-01   5.58307707e-01   7.95673788e-01
  -5.90983331e-01  -3.73379976e-01  -2.52253473e-01   1.28315997e+00
  -1.01649737e+00  -9.98451114e-01  -1.06535053e+00   9.71194923e-01
  -2.59890169e-01   1.64504158e+00  -1.48240700e-01  -1.71567953e+00
   1.02633245e-01  -4.22487915e-01   6.53725341e-02  -4.05745983e-01
  -8.41664255e-01   5.92472358e-03  -1.13776386e+00   1.03354156e+00
  -1.69908643e+00   2.07508731e+00   6.67346358e-01  -1.03316975e+00
  -5.66463582e-02  -1.76325941e+00  -1.27455962e+00  -7.82032162e-02
  -7.59075224e-01   7.82438874e-01   5.98297834e-01  -1.67756110e-01
   1.24931097e+00   7.14520335e-01  -5.95861256e-01   2.72915334e-01
  -2.83925325e-01   9.42178607e-01  -2.77279317e-01  -2.26302147e-01
  -4.98905480e-01  -1.07348967e+00   2.79302537e-01  -4.13279146e-01
  -2.61290550e+00   9.72198069e-01   1.87094009e+00   1.66433024e+00
   4.35556084e-01  -3.05925041e-01   5.67692935e-01  -1.60593893e-02
  -9.39476430e-01  -9.60972458e-02   2.91315734e-01  -9.02920291e-02
   6.12183452e-01  -3.63238364e-01  -5.41803420e-01  -5.84226310e-01
   1.24990761e+00   8.51279199e-01   5.73963940e-01  -9.02570665e-01
   4.51093242e-02   5.33691108e-01  -1.19454110e+00   7.71514118e-01
   6.18167743e-02  -9.78682220e-01  -1.56478882e+00   1.30167317e+00
   1.15154076e+00   1.67433321e+00   7.11587965e-01   1.21471703e+00
  -2.40605283e+00   5.95534861e-01   4.90267038e-01  -8.51170480e-01
  -3.88837129e-01  -2.06764150e+00  -1.23999298e+00   8.11832190e-01
   1.39291275e+00  -1.44508088e+00  -4.77738738e-01   1.73319089e+00
   9.91756201e-01   8.73000681e-01  -4.11868751e-01   2.85432301e-02
   7.95701146e-01   4.02728528e-01  -2.65979743e+00  -4.39458877e-01
   7.61402667e-01  -4.15993392e-01  -6.59084976e-01   3.78182411e-01
   7.59337902e-01  -4.83142227e-01  -6.96557537e-02   1.29398525e+00
  -6.24674022e-01   1.00679266e+00   3.85996163e-01  -4.39692825e-01
   3.59866023e-01   2.99351066e-01   1.64668906e+00   1.16680157e+00
  -1.68421085e-03  -9.72634435e-01  -2.16948852e-01   5.38114071e-01
  -7.54145980e-01  -9.65564072e-01   9.80110288e-01  -1.51267254e+00
  -4.46576148e-01   1.73545349e+00   1.68590292e-01   1.14778543e+00
  -1.03700936e+00   6.36104047e-01   5.93728781e-01   4.46145147e-01
   9.09498394e-01   1.33470023e+00  -2.43242890e-01  -1.07515502e+00
  -7.15076268e-01  -6.65691912e-01  -9.68015492e-01  -1.53503105e-01
  -7.28435993e-01  -5.13355494e-01  -8.21297705e-01   9.07892957e-02
   4.16359216e-01   1.33018267e+00  -2.84657955e-01   1.28275001e+00
  -6.73637092e-01   2.09706688e+00   7.98920095e-02  -1.13806319e+00
  -9.95925069e-01   1.68366957e+00  -7.57352471e-01   1.21725702e+00
  -6.12852037e-01  -5.47769785e-01  -8.96783412e-01  -5.75684547e-01
   4.00121808e-01  -1.38344693e+00   8.49536061e-01   4.88505065e-01
  -1.52667439e+00  -5.00121824e-02  -4.73587036e-01  -9.41236436e-01
   8.49882424e-01  -3.86993110e-01   5.33540308e-01  -3.84903997e-02
  -9.43314195e-01   1.24593414e-01   3.15804213e-01   3.85721475e-02
  -1.13389707e+00   3.72791439e-01   5.69844961e-01  -3.93320322e-02
  -7.06606030e-01  -2.91280329e-01   4.43492025e-01   3.33478481e-01
   8.15829560e-02   1.34166062e+00   6.97925806e-01   2.09941053e+00
   1.58562171e+00   5.46404243e-01  -9.24290121e-02  -8.74431804e-02
   1.37231576e+00   3.50907147e-01   2.05600309e+00   2.44597480e-01
   1.04977405e+00   3.65194410e-01  -3.27754229e-01   2.00842929e+00
  -8.22670400e-01   1.99263811e+00  -6.71439230e-01   7.08310664e-01
  -1.77817750e+00  -4.81106102e-01   1.14488579e-01  -3.63732338e-01
   1.93744838e+00  -9.87194777e-01  -1.59114492e+00   5.82046866e-01
  -7.53702447e-02   1.18395615e+00   1.00714362e+00  -7.29198396e-01
  -1.01046550e+00  -1.71384120e+00   5.68369985e-01  -1.99512124e+00
  -1.76653475e-01  -1.97154433e-01   1.22057486e+00  -1.39068618e-01
  -6.31454587e-01  -9.00036454e-01   6.07016861e-01  -3.35463546e-02
  -2.02707455e-01  -3.03125262e+00  -1.13647008e+00   7.73355365e-01]
woman :
 [-1.42510033  0.05803902  0.21206795 -0.75853974  0.5190084  -0.6230998
  1.54880488  0.12167885  0.37671331  1.26990795  0.59004122 -1.00424349
  0.5863902  -0.13212276  0.11183753 -1.29333436  0.18652371 -0.0161343
 -0.17769481  0.67165273  0.77527863 -0.63483328  0.59455866  0.07242025
  2.19372559  1.00194728  1.8614043   0.17083342  0.58813608  0.02315071
 -0.27355337 -0.31535652  1.6551913  -0.00722273  0.37421337  0.89462507
 -0.81619704  2.19216871  0.19048886  1.13300824  1.00630748  2.25997949
  0.01448942 -1.70060182  1.40587318  0.24315022 -0.46784511 -0.52565485
 -0.71635848 -0.29907647 -1.98593235  1.7600683   0.54961365  1.22596943
 -0.46783072  0.34814483 -1.10990107 -0.41404518 -1.95698059 -0.15177275
 -0.14739858 -0.51819718 -1.31462014  0.01688989 -0.67501044 -0.2767556
  0.01854029 -1.07260215 -0.2753883   0.3676694  -0.43890694 -0.40932462
 -0.98703003 -0.84145224  0.41312405  0.52505755 -0.17251861 -1.2905792
 -0.69957769  1.69287372 -0.85779834  0.23727302  1.46420932 -0.14789037
  0.24857812  0.00781521 -0.50062805 -0.0622502   1.52371311 -0.23943591
  1.14369798 -2.33121848 -2.12223887 -0.88076007 -0.50436038 -0.80278742
 -0.70176119  0.85943323  1.01954246  1.86006653 -0.74245566  0.64234561
 -0.61486411 -0.80416763  0.77695286 -0.35941648 -1.21627975 -0.37907794
  0.1803163   1.38102174 -0.08493266 -1.28538203 -0.66536605 -0.33566269
 -1.35596025 -0.14506997 -0.97313625 -0.86172527 -0.13564995 -0.73226953
 -1.12422061 -1.28844225  1.06998336  0.11352668 -1.50489998 -0.52346504
 -1.84806895 -1.48348725  0.13774428 -2.34462404  1.47549665  1.2294811
 -0.3817023  -0.61987066  1.19949448 -0.31707218 -0.62194353  0.16950229
  1.23957968  0.4176788   1.11570036 -0.2241509   0.24479689  2.01723361
 -1.55620933 -0.12345934 -1.8813802   2.35458827  0.39790756 -1.29859126
 -1.00922716 -0.48240069  0.38845861 -1.1874485  -0.26039028 -1.71041977
 -1.19580066 -0.43589056  0.89907682  0.38511851  1.58497679 -0.16706952
  0.83739263  1.0554595   0.09387676 -0.54905999  0.62130839 -1.74318409
 -0.03363923 -0.15282108  0.86583024 -0.5291751  -0.76053357 -1.14998507
 -1.25289702 -3.03865409  0.67021763  1.5494734   1.44495022  0.43582124
 -0.87248182 -2.07103515 -0.99524218  0.78402197 -0.58625472  0.89525092
  0.02045466  0.57816797 -1.36843598  2.37200952  0.68310457 -0.05196245
 -0.99961478 -0.42697167 -2.13737249  1.02226532  0.12191254  0.18580557
 -1.0110631   0.69779456  0.27813411 -0.21772608 -0.0143598   0.15891427
  0.12156105 -0.24876311 -1.65747154  0.28478801  1.03775561  1.33713877
  0.67546242 -0.21982411  0.25979096 -0.57610464 -0.61416495  1.01499867
  0.90921265 -0.79102433  0.80669093  0.57668203  0.25358891 -0.73805535
 -0.43055552  0.03441634 -1.34858787 -0.32440552 -1.28477883 -1.04836392
 -0.30132207  2.05490088 -0.11067997  0.19848834 -2.15006161  0.13653088
 -0.91597623  1.07283449  2.23011994  0.33716127  0.74339122  0.53801173
  1.37569368  1.06701005 -0.45442301  2.27523351 -0.99696892  1.26156807
 -0.82256609  0.01282785 -1.48854291  1.09289551 -0.61753052  0.12236922
 -1.41549265 -0.03433915 -1.30528867  0.87310988 -1.02742279 -0.47448963
  0.27518779  0.76403844  1.16490376 -0.74569541  1.1562469   1.70831537
 -0.18726738 -0.73132175  0.84822518 -0.83548009  1.08923554 -0.13519672
 -0.98920137 -1.56245267  0.55268198 -0.06983677 -0.62437028 -0.31806722
  0.47526583  0.57214648  0.55117059  0.24803637  0.90752828  0.3269943
 -2.14945436  0.60065836  0.16706914  0.34537157  0.47425944  0.47715726
 -0.11455087  1.84363818  0.31882179  0.53347355  0.26596171 -0.40227956
 -0.7592783  -0.01576622  0.60899454  1.0101732  -0.40080521 -0.8278141 ]
